{
  "html": "<p>COVID-19 के लिए हाइड्रोक्सीक्लोरोक्वीन के उपयोग पर अध्ययन वर्तमान में मिश्रित, अस्पष्ट और कभी-कभी नकारात्मक साक्ष्य प्रस्तुत कर रहे हैं। इसका मतलब है कि अभी, हाइड्रोक्सीक्लोरोक्वीन एक ज्ञात इलाज नहीं है और निश्चित रूप से एक ज्ञात इलाज नहीं है। अभी शोध अध्ययन हो रहे हैं ताकि पता चल सके कि इस दवा को लेने से लोग वायरस के संपर्क में आने के बाद संक्रमित होने से बच सकते हैं, लेकिन दवा का उपयोग केवल “दयालु उपयोग” के लिए किया जाता है, और एक प्रायोगिक उपचार के रूप में। (संयुक्त राज्य अमेरिका में, उदाहरण के लिए, एक दवा का “दयालु उपयोग” तब होता है जब संयुक्त राज्य का खाद्य और औषधि प्रशासन (एफडीए) दवा कंपनियों को पारंपरिक नैदानिक​​परीक्षणों के बाहर लोगों को अपनी प्रयोगात्मक दवाएं देने की अनुमति देता है)। COVID-19 के उपचार के लिए हाइड्रोक्सीक्लोरोक्वीन की सिफारिश करने के लिए अब तक के परिणामों में पर्याप्त सबूत नहीं हैं। इसी समय, शोध ने COVID-19 के उपचार में हाइड्रोक्सीक्लोरोक्वीन के उपयोग के कुछ नकारात्मक परिणामों को भी दिखाया है।</p>",
  "content": "COVID-19 के लिए हाइड्रोक्सीक्लोरोक्वीन के उपयोग पर अध्ययन वर्तमान में मिश्रित, अस्पष्ट और कभी-कभी नकारात्मक साक्ष्य प्रस्तुत कर रहे हैं। इसका मतलब है कि अभी, हाइड्रोक्सीक्लोरोक्वीन एक ज्ञात इलाज नहीं है और निश्चित रूप से एक ज्ञात इलाज नहीं है। अभी शोध अध्ययन हो रहे हैं ताकि पता चल सके कि इस दवा को लेने से लोग वायरस के संपर्क में आने के बाद संक्रमित होने से बच सकते हैं, लेकिन दवा का उपयोग केवल “दयालु उपयोग” के लिए किया जाता है, और एक प्रायोगिक उपचार के रूप में। (संयुक्त राज्य अमेरिका में, उदाहरण के लिए, एक दवा का “दयालु उपयोग” तब होता है जब संयुक्त राज्य का खाद्य और औषधि प्रशासन (एफडीए) दवा कंपनियों को पारंपरिक नैदानिक​​परीक्षणों के बाहर लोगों को अपनी प्रयोगात्मक दवाएं देने की अनुमति देता है)। COVID-19 के उपचार के लिए हाइड्रोक्सीक्लोरोक्वीन की सिफारिश करने के लिए अब तक के परिणामों में पर्याप्त सबूत नहीं हैं। इसी समय, शोध ने COVID-19 के उपचार में हाइड्रोक्सीक्लोरोक्वीन के उपयोग के कुछ नकारात्मक परिणामों को भी दिखाया है।",
  "headings": [
    "\n            COVID-19 Expert Database\n        ",
    "क्या हाइड्रॉक्सीक्लोरोक्विन सीओवीआईडी ​​-19 को रोक सकता है, इलाज कर सकता है या ठीक कर सकता है?",
    "हमारे विशेषज्ञ क्या कहते हैं"
  ],
  "custom_ranking": {
    "position": 1,
    "heading": 70
  },
  "lang": "hi",
  "title": "\"What does the scientific literature say about using hydroxychloroquine to prevent, treat or cure COVID-19?\"",
  "सवाल": "क्या हाइड्रॉक्सीक्लोरोक्विन सीओवीआईडी ​​-19 को रोक सकता है, इलाज कर सकता है या ठीक कर सकता है?",
  "जानकारी और संदर्भ": "हाइड्रोक्सीक्लोरोक्वीन वर्तमान में मलेरिया को रोकने या उसके इलाज के लिए एक दवा है, जो एक संक्रामक बीमारी है जो मच्छरों से मनुष्यों में फैल सकती है। जब सीओवीआईडी ​​-19 के लिए उपचार खोजने की कोशिश की गई, तो रोगियों पर हाइड्रोक्सीक्लोरोक्वीन का परीक्षण किया गया। हालांकि, COVID-19 के इलाज के लिए हाइड्रोक्सीक्लोरोक्वीन की सिफारिश करने के लिए पर्याप्त सबूत नहीं हैं। COVID-19 के उपचार में हाइड्रोक्सीक्लोरोक्वीन के उपयोग के कुछ नकारात्मक परिणाम भी सामने आए हैं।",
  "हमारे विशेषज्ञ क्या कहते हैं": "COVID-19 के लिए हाइड्रोक्सीक्लोरोक्वीन के उपयोग पर अध्ययन वर्तमान में मिश्रित, अस्पष्ट और कभी-कभी नकारात्मक साक्ष्य प्रस्तुत कर रहे हैं। इसका मतलब है कि अभी, हाइड्रोक्सीक्लोरोक्वीन एक ज्ञात इलाज नहीं है और निश्चित रूप से एक ज्ञात इलाज नहीं है। अभी शोध अध्ययन हो रहे हैं ताकि पता चल सके कि इस दवा को लेने से लोग वायरस के संपर्क में आने के बाद संक्रमित होने से बच सकते हैं, लेकिन दवा का उपयोग केवल \"दयालु उपयोग\" के लिए किया जाता है, और एक प्रायोगिक उपचार के रूप में। (संयुक्त राज्य अमेरिका में, उदाहरण के लिए, एक दवा का \"दयालु उपयोग\" तब होता है जब संयुक्त राज्य का खाद्य और औषधि प्रशासन (एफडीए) दवा कंपनियों को पारंपरिक नैदानिक​​परीक्षणों के बाहर लोगों को अपनी प्रयोगात्मक दवाएं देने की अनुमति देता है)। COVID-19 के उपचार के लिए हाइड्रोक्सीक्लोरोक्वीन की सिफारिश करने के लिए अब तक के परिणामों में पर्याप्त सबूत नहीं हैं। इसी समय, शोध ने COVID-19 के उपचार में हाइड्रोक्सीक्लोरोक्वीन के उपयोग के कुछ नकारात्मक परिणामों को भी दिखाया है।",
  "शब्दकोष": "दयालु उपयोग,संपर्क से पहले,संपर्क के बाद,प्रोफिलैक्सिस,नैदानिक ​​परीक्षण",
  "अन्य संसाधन / जानकारी": "1. Investigational therapeutics for patients with COVID-19 (CDC) \n2. Information about \"compassionate use\" (FDA) ",
  "क्या यह उत्तर आपके रहने के आधार पर बदलता है?": "हां - कुछ देशों ने अपने उपचार प्रोटोकॉल में हाइड्रोक्सीक्लोरोक्वीन को शामिल किया है, भले ही विश्व स्वास्थ्य संगठन ने इसे उपचार के रूप में मान्यता नहीं दी है।",
  "क्या यह उत्तर आपकी नस्ल, जातीयता, आय, आयु, लिंग या अन्य जनसांख्यिकीय कारकों के आधार पर बदलता है?": "नहीं",
  "टैग": "हाइड्रॉक्सीक्लोरोक्विन,निवारण,इलाज",
  "English Question": "\"What does the scientific literature say about using hydroxychloroquine to prevent, treat or cure COVID-19?\"",
  "अंतिम बदल गया": "5/15/2020",
  "tags": [

  ],
  "categories": [

  ],
  "slug": "index",
  "type": "datapage",
  "url": "/hi/questions/what-does-the-scientific-literature-say-about-using-hydroxychloroquine-to-prevent-treat-or-cure-covid-19/"
}